<?xml version="1.0" encoding="UTF-8"?>
<!-- Generated by org.testng.reporters.JUnitReportReporter -->
<testsuite hostname="LAPTOP-49HFS6O5" failures="0" tests="1" name="testcases.HomePage" time="0.162" errors="0" timestamp="2022-11-21T00:33:52 IST" skipped="0">
  <testcase classname="testcases.HomePage" name="HomePageElementcheck" time="0.162"/>
  <system-out/>
</testsuite> <!-- testcases.HomePage -->
